[Sat May 17 05:16:15 AM UTC 2025] 🚀 Starting deploy
From github.com:jasonhollis/webstack
 * branch            master     -> FETCH_HEAD
Already up to date.
  adding: opt/webstack/html/ (stored 0%)
  adding: opt/webstack/html/VERSION (stored 0%)
  adding: opt/webstack/html/test.php (stored 0%)
  adding: opt/webstack/html/.gitignore (deflated 26%)
  adding: opt/webstack/html/phpinfo.php (stored 0%)
  adding: opt/webstack/html/index.php (deflated 41%)
  adding: opt/webstack/html/.git/ (stored 0%)
  adding: opt/webstack/html/.git/hooks/ (stored 0%)
  adding: opt/webstack/html/.git/hooks/applypatch-msg.sample (deflated 42%)
  adding: opt/webstack/html/.git/hooks/push-to-checkout.sample (deflated 55%)
  adding: opt/webstack/html/.git/hooks/pre-rebase.sample (deflated 59%)
  adding: opt/webstack/html/.git/hooks/pre-applypatch.sample (deflated 38%)
  adding: opt/webstack/html/.git/hooks/post-update.sample (deflated 27%)
  adding: opt/webstack/html/.git/hooks/pre-merge-commit.sample (deflated 39%)
  adding: opt/webstack/html/.git/hooks/pre-commit.sample (deflated 45%)
  adding: opt/webstack/html/.git/hooks/pre-push.sample (deflated 49%)
  adding: opt/webstack/html/.git/hooks/pre-receive.sample (deflated 40%)
  adding: opt/webstack/html/.git/hooks/prepare-commit-msg.sample (deflated 50%)
  adding: opt/webstack/html/.git/hooks/commit-msg.sample (deflated 44%)
  adding: opt/webstack/html/.git/hooks/fsmonitor-watchman.sample (deflated 62%)
  adding: opt/webstack/html/.git/hooks/update.sample (deflated 68%)
  adding: opt/webstack/html/.git/branches/ (stored 0%)
  adding: opt/webstack/html/.git/objects/ (stored 0%)
  adding: opt/webstack/html/.git/objects/12/ (stored 0%)
  adding: opt/webstack/html/.git/objects/12/8aecdd08b19078faaf0fc520b95bcc2dce4336 (stored 0%)
  adding: opt/webstack/html/.git/objects/82/ (stored 0%)
  adding: opt/webstack/html/.git/objects/82/efba5bb2f7ee3e56d690c21122ffff5d9a1d63 (stored 0%)
  adding: opt/webstack/html/.git/objects/ab/ (stored 0%)
  adding: opt/webstack/html/.git/objects/ab/69e0901b745bb5b206690e44edaf045043f1e7 (stored 0%)
  adding: opt/webstack/html/.git/objects/31/ (stored 0%)
  adding: opt/webstack/html/.git/objects/31/b002ba092b48dbb754a340986f450be2bd94e4 (stored 0%)
  adding: opt/webstack/html/.git/objects/6d/ (stored 0%)
  adding: opt/webstack/html/.git/objects/6d/60e032bc04235d782e5993a4993b9ad0a8b4bc (stored 0%)
  adding: opt/webstack/html/.git/objects/d6/ (stored 0%)
  adding: opt/webstack/html/.git/objects/d6/66bd4748cd74e61c9e2290c68c4b07d92fda9b (stored 0%)
  adding: opt/webstack/html/.git/objects/42/ (stored 0%)
  adding: opt/webstack/html/.git/objects/42/ac8d56dbfbf2de4809a6404f27766f3bc09c97 (stored 0%)
  adding: opt/webstack/html/.git/objects/c3/ (stored 0%)
  adding: opt/webstack/html/.git/objects/c3/2ef9534f36ce9867164154f02b9e1e53798218 (stored 0%)
  adding: opt/webstack/html/.git/objects/df/ (stored 0%)
  adding: opt/webstack/html/.git/objects/df/0ad4bb4a6acf84467b6be21118c72ae8d61ae6 (stored 0%)
  adding: opt/webstack/html/.git/objects/ff/ (stored 0%)
  adding: opt/webstack/html/.git/objects/ff/9042b09fdac8335c59efaae17f51ab9d928ef9 (stored 0%)
  adding: opt/webstack/html/.git/objects/aa/ (stored 0%)
  adding: opt/webstack/html/.git/objects/aa/7009a05caea6bcd88ce9b269d3fb0ce1db0e6b (stored 0%)
  adding: opt/webstack/html/.git/objects/0c/ (stored 0%)
  adding: opt/webstack/html/.git/objects/0c/24678e334732e41a7ca374699a48b632de135b (stored 0%)
  adding: opt/webstack/html/.git/objects/f5/ (stored 0%)
  adding: opt/webstack/html/.git/objects/f5/1a70b555b95c7a6c454c0909c13efeedc493c1 (stored 0%)
  adding: opt/webstack/html/.git/objects/fc/ (stored 0%)
  adding: opt/webstack/html/.git/objects/fc/429ab943437bee2bd2d54fe73d76622b3528cf (stored 0%)
  adding: opt/webstack/html/.git/objects/7f/ (stored 0%)
  adding: opt/webstack/html/.git/objects/7f/9d94fb3e3b86eab2adede63e29e564477c50eb (stored 0%)
  adding: opt/webstack/html/.git/objects/dd/ (stored 0%)
  adding: opt/webstack/html/.git/objects/dd/afc37b84909cfa261a5b5deecef8be553d1275 (stored 0%)
  adding: opt/webstack/html/.git/objects/pack/ (stored 0%)
  adding: opt/webstack/html/.git/objects/e1/ (stored 0%)
  adding: opt/webstack/html/.git/objects/e1/b41b2d5138842e84a16ad7de593217aa36e8f3 (stored 0%)
  adding: opt/webstack/html/.git/objects/info/ (stored 0%)
  adding: opt/webstack/html/.git/objects/f0/ (stored 0%)
  adding: opt/webstack/html/.git/objects/f0/1e4be78b35e1089a8d813a18b49c388c4ab631 (stored 0%)
  adding: opt/webstack/html/.git/index (deflated 26%)
  adding: opt/webstack/html/.git/description (deflated 14%)
  adding: opt/webstack/html/.git/HEAD (stored 0%)
  adding: opt/webstack/html/.git/logs/ (stored 0%)
  adding: opt/webstack/html/.git/logs/HEAD (deflated 82%)
  adding: opt/webstack/html/.git/logs/refs/ (stored 0%)
  adding: opt/webstack/html/.git/logs/refs/heads/ (stored 0%)
  adding: opt/webstack/html/.git/logs/refs/heads/master (deflated 58%)
  adding: opt/webstack/html/.git/logs/refs/remotes/ (stored 0%)
  adding: opt/webstack/html/.git/logs/refs/remotes/origin/ (stored 0%)
  adding: opt/webstack/html/.git/logs/refs/remotes/origin/master (deflated 70%)
  adding: opt/webstack/html/.git/refs/ (stored 0%)
  adding: opt/webstack/html/.git/refs/heads/ (stored 0%)
  adding: opt/webstack/html/.git/refs/heads/master (stored 0%)
  adding: opt/webstack/html/.git/refs/tags/ (stored 0%)
  adding: opt/webstack/html/.git/refs/remotes/ (stored 0%)
  adding: opt/webstack/html/.git/refs/remotes/origin/ (stored 0%)
  adding: opt/webstack/html/.git/refs/remotes/origin/master (stored 0%)
  adding: opt/webstack/html/.git/config (deflated 33%)
  adding: opt/webstack/html/.git/COMMIT_EDITMSG (stored 0%)
  adding: opt/webstack/html/.git/FETCH_HEAD (deflated 8%)
  adding: opt/webstack/html/.git/ORIG_HEAD (stored 0%)
  adding: opt/webstack/html/.git/info/ (stored 0%)
  adding: opt/webstack/html/.git/info/exclude (deflated 28%)
  adding: opt/webstack/VERSION (stored 0%)
{"token":"invalid","errors":["application token is invalid, see https://pushover.net/api"],"status":0,"request":"2527bee6-7926-4788-b8ca-776337d71a29"}[Sat May 17 05:16:18 AM UTC 2025] ✅ Deploy complete: v1.0.2-dev
[Sat May 17 05:19:38 AM UTC 2025] Deploy started
From github.com:jasonhollis/webstack
 * branch            master     -> FETCH_HEAD
Already up to date.
  adding: opt/webstack/html/ (stored 0%)
  adding: opt/webstack/html/VERSION (stored 0%)
  adding: opt/webstack/html/test.php (stored 0%)
  adding: opt/webstack/html/.gitignore (deflated 26%)
  adding: opt/webstack/html/phpinfo.php (stored 0%)
  adding: opt/webstack/html/index.php (deflated 41%)
  adding: opt/webstack/html/.git/ (stored 0%)
  adding: opt/webstack/html/.git/hooks/ (stored 0%)
  adding: opt/webstack/html/.git/hooks/applypatch-msg.sample (deflated 42%)
  adding: opt/webstack/html/.git/hooks/push-to-checkout.sample (deflated 55%)
  adding: opt/webstack/html/.git/hooks/pre-rebase.sample (deflated 59%)
  adding: opt/webstack/html/.git/hooks/pre-applypatch.sample (deflated 38%)
  adding: opt/webstack/html/.git/hooks/post-update.sample (deflated 27%)
  adding: opt/webstack/html/.git/hooks/pre-merge-commit.sample (deflated 39%)
  adding: opt/webstack/html/.git/hooks/pre-commit.sample (deflated 45%)
  adding: opt/webstack/html/.git/hooks/pre-push.sample (deflated 49%)
  adding: opt/webstack/html/.git/hooks/pre-receive.sample (deflated 40%)
  adding: opt/webstack/html/.git/hooks/prepare-commit-msg.sample (deflated 50%)
  adding: opt/webstack/html/.git/hooks/commit-msg.sample (deflated 44%)
  adding: opt/webstack/html/.git/hooks/fsmonitor-watchman.sample (deflated 62%)
  adding: opt/webstack/html/.git/hooks/update.sample (deflated 68%)
  adding: opt/webstack/html/.git/branches/ (stored 0%)
  adding: opt/webstack/html/.git/objects/ (stored 0%)
  adding: opt/webstack/html/.git/objects/12/ (stored 0%)
  adding: opt/webstack/html/.git/objects/12/8aecdd08b19078faaf0fc520b95bcc2dce4336 (stored 0%)
  adding: opt/webstack/html/.git/objects/82/ (stored 0%)
  adding: opt/webstack/html/.git/objects/82/efba5bb2f7ee3e56d690c21122ffff5d9a1d63 (stored 0%)
  adding: opt/webstack/html/.git/objects/ab/ (stored 0%)
  adding: opt/webstack/html/.git/objects/ab/69e0901b745bb5b206690e44edaf045043f1e7 (stored 0%)
  adding: opt/webstack/html/.git/objects/31/ (stored 0%)
  adding: opt/webstack/html/.git/objects/31/b002ba092b48dbb754a340986f450be2bd94e4 (stored 0%)
  adding: opt/webstack/html/.git/objects/6d/ (stored 0%)
  adding: opt/webstack/html/.git/objects/6d/60e032bc04235d782e5993a4993b9ad0a8b4bc (stored 0%)
  adding: opt/webstack/html/.git/objects/d6/ (stored 0%)
  adding: opt/webstack/html/.git/objects/d6/66bd4748cd74e61c9e2290c68c4b07d92fda9b (stored 0%)
  adding: opt/webstack/html/.git/objects/42/ (stored 0%)
  adding: opt/webstack/html/.git/objects/42/ac8d56dbfbf2de4809a6404f27766f3bc09c97 (stored 0%)
  adding: opt/webstack/html/.git/objects/c3/ (stored 0%)
  adding: opt/webstack/html/.git/objects/c3/2ef9534f36ce9867164154f02b9e1e53798218 (stored 0%)
  adding: opt/webstack/html/.git/objects/df/ (stored 0%)
  adding: opt/webstack/html/.git/objects/df/0ad4bb4a6acf84467b6be21118c72ae8d61ae6 (stored 0%)
  adding: opt/webstack/html/.git/objects/ff/ (stored 0%)
  adding: opt/webstack/html/.git/objects/ff/9042b09fdac8335c59efaae17f51ab9d928ef9 (stored 0%)
  adding: opt/webstack/html/.git/objects/aa/ (stored 0%)
  adding: opt/webstack/html/.git/objects/aa/7009a05caea6bcd88ce9b269d3fb0ce1db0e6b (stored 0%)
  adding: opt/webstack/html/.git/objects/0c/ (stored 0%)
  adding: opt/webstack/html/.git/objects/0c/24678e334732e41a7ca374699a48b632de135b (stored 0%)
  adding: opt/webstack/html/.git/objects/f5/ (stored 0%)
  adding: opt/webstack/html/.git/objects/f5/1a70b555b95c7a6c454c0909c13efeedc493c1 (stored 0%)
  adding: opt/webstack/html/.git/objects/fc/ (stored 0%)
  adding: opt/webstack/html/.git/objects/fc/429ab943437bee2bd2d54fe73d76622b3528cf (stored 0%)
  adding: opt/webstack/html/.git/objects/7f/ (stored 0%)
  adding: opt/webstack/html/.git/objects/7f/9d94fb3e3b86eab2adede63e29e564477c50eb (stored 0%)
  adding: opt/webstack/html/.git/objects/dd/ (stored 0%)
  adding: opt/webstack/html/.git/objects/dd/afc37b84909cfa261a5b5deecef8be553d1275 (stored 0%)
  adding: opt/webstack/html/.git/objects/pack/ (stored 0%)
  adding: opt/webstack/html/.git/objects/e1/ (stored 0%)
  adding: opt/webstack/html/.git/objects/e1/b41b2d5138842e84a16ad7de593217aa36e8f3 (stored 0%)
  adding: opt/webstack/html/.git/objects/info/ (stored 0%)
  adding: opt/webstack/html/.git/objects/f0/ (stored 0%)
  adding: opt/webstack/html/.git/objects/f0/1e4be78b35e1089a8d813a18b49c388c4ab631 (stored 0%)
  adding: opt/webstack/html/.git/index (deflated 26%)
  adding: opt/webstack/html/.git/description (deflated 14%)
  adding: opt/webstack/html/.git/HEAD (stored 0%)
  adding: opt/webstack/html/.git/logs/ (stored 0%)
  adding: opt/webstack/html/.git/logs/HEAD (deflated 82%)
  adding: opt/webstack/html/.git/logs/refs/ (stored 0%)
  adding: opt/webstack/html/.git/logs/refs/heads/ (stored 0%)
  adding: opt/webstack/html/.git/logs/refs/heads/master (deflated 58%)
  adding: opt/webstack/html/.git/logs/refs/remotes/ (stored 0%)
  adding: opt/webstack/html/.git/logs/refs/remotes/origin/ (stored 0%)
  adding: opt/webstack/html/.git/logs/refs/remotes/origin/master (deflated 70%)
  adding: opt/webstack/html/.git/refs/ (stored 0%)
  adding: opt/webstack/html/.git/refs/heads/ (stored 0%)
  adding: opt/webstack/html/.git/refs/heads/master (stored 0%)
  adding: opt/webstack/html/.git/refs/tags/ (stored 0%)
  adding: opt/webstack/html/.git/refs/remotes/ (stored 0%)
  adding: opt/webstack/html/.git/refs/remotes/origin/ (stored 0%)
  adding: opt/webstack/html/.git/refs/remotes/origin/master (stored 0%)
  adding: opt/webstack/html/.git/config (deflated 33%)
  adding: opt/webstack/html/.git/COMMIT_EDITMSG (stored 0%)
  adding: opt/webstack/html/.git/FETCH_HEAD (deflated 8%)
  adding: opt/webstack/html/.git/ORIG_HEAD (stored 0%)
  adding: opt/webstack/html/.git/info/ (stored 0%)
  adding: opt/webstack/html/.git/info/exclude (deflated 28%)
  adding: opt/webstack/VERSION (stored 0%)
{"token":"invalid","errors":["application token is invalid, see https://pushover.net/api"],"status":0,"request":"b8e79fb0-e1a4-4376-931d-525fc1c75daf"}[Sat May 17 05:19:42 AM UTC 2025] Deploy complete: v1.0.2-dev
[Sat May 17 06:19:02 AM UTC 2025] Deploy started
From github.com:jasonhollis/webstack
 * branch            master     -> FETCH_HEAD
Already up to date.
  adding: opt/webstack/html/ (stored 0%)
  adding: opt/webstack/html/VERSION (stored 0%)
  adding: opt/webstack/html/test.php (stored 0%)
  adding: opt/webstack/html/.gitignore (deflated 26%)
  adding: opt/webstack/html/phpinfo.php (stored 0%)
  adding: opt/webstack/html/index.php (deflated 41%)
  adding: opt/webstack/html/.git/ (stored 0%)
  adding: opt/webstack/html/.git/hooks/ (stored 0%)
  adding: opt/webstack/html/.git/hooks/applypatch-msg.sample (deflated 42%)
  adding: opt/webstack/html/.git/hooks/push-to-checkout.sample (deflated 55%)
  adding: opt/webstack/html/.git/hooks/pre-rebase.sample (deflated 59%)
  adding: opt/webstack/html/.git/hooks/pre-applypatch.sample (deflated 38%)
  adding: opt/webstack/html/.git/hooks/post-update.sample (deflated 27%)
  adding: opt/webstack/html/.git/hooks/pre-merge-commit.sample (deflated 39%)
  adding: opt/webstack/html/.git/hooks/pre-commit.sample (deflated 45%)
  adding: opt/webstack/html/.git/hooks/pre-push.sample (deflated 49%)
  adding: opt/webstack/html/.git/hooks/pre-receive.sample (deflated 40%)
  adding: opt/webstack/html/.git/hooks/prepare-commit-msg.sample (deflated 50%)
  adding: opt/webstack/html/.git/hooks/commit-msg.sample (deflated 44%)
  adding: opt/webstack/html/.git/hooks/fsmonitor-watchman.sample (deflated 62%)
  adding: opt/webstack/html/.git/hooks/update.sample (deflated 68%)
  adding: opt/webstack/html/.git/branches/ (stored 0%)
  adding: opt/webstack/html/.git/objects/ (stored 0%)
  adding: opt/webstack/html/.git/objects/12/ (stored 0%)
  adding: opt/webstack/html/.git/objects/12/8aecdd08b19078faaf0fc520b95bcc2dce4336 (stored 0%)
  adding: opt/webstack/html/.git/objects/82/ (stored 0%)
  adding: opt/webstack/html/.git/objects/82/efba5bb2f7ee3e56d690c21122ffff5d9a1d63 (stored 0%)
  adding: opt/webstack/html/.git/objects/ab/ (stored 0%)
  adding: opt/webstack/html/.git/objects/ab/69e0901b745bb5b206690e44edaf045043f1e7 (stored 0%)
  adding: opt/webstack/html/.git/objects/31/ (stored 0%)
  adding: opt/webstack/html/.git/objects/31/b002ba092b48dbb754a340986f450be2bd94e4 (stored 0%)
  adding: opt/webstack/html/.git/objects/6d/ (stored 0%)
  adding: opt/webstack/html/.git/objects/6d/60e032bc04235d782e5993a4993b9ad0a8b4bc (stored 0%)
  adding: opt/webstack/html/.git/objects/d6/ (stored 0%)
  adding: opt/webstack/html/.git/objects/d6/66bd4748cd74e61c9e2290c68c4b07d92fda9b (stored 0%)
  adding: opt/webstack/html/.git/objects/42/ (stored 0%)
  adding: opt/webstack/html/.git/objects/42/ac8d56dbfbf2de4809a6404f27766f3bc09c97 (stored 0%)
  adding: opt/webstack/html/.git/objects/c3/ (stored 0%)
  adding: opt/webstack/html/.git/objects/c3/2ef9534f36ce9867164154f02b9e1e53798218 (stored 0%)
  adding: opt/webstack/html/.git/objects/df/ (stored 0%)
  adding: opt/webstack/html/.git/objects/df/0ad4bb4a6acf84467b6be21118c72ae8d61ae6 (stored 0%)
  adding: opt/webstack/html/.git/objects/ff/ (stored 0%)
  adding: opt/webstack/html/.git/objects/ff/9042b09fdac8335c59efaae17f51ab9d928ef9 (stored 0%)
  adding: opt/webstack/html/.git/objects/aa/ (stored 0%)
  adding: opt/webstack/html/.git/objects/aa/7009a05caea6bcd88ce9b269d3fb0ce1db0e6b (stored 0%)
  adding: opt/webstack/html/.git/objects/0c/ (stored 0%)
  adding: opt/webstack/html/.git/objects/0c/24678e334732e41a7ca374699a48b632de135b (stored 0%)
  adding: opt/webstack/html/.git/objects/f5/ (stored 0%)
  adding: opt/webstack/html/.git/objects/f5/1a70b555b95c7a6c454c0909c13efeedc493c1 (stored 0%)
  adding: opt/webstack/html/.git/objects/fc/ (stored 0%)
  adding: opt/webstack/html/.git/objects/fc/429ab943437bee2bd2d54fe73d76622b3528cf (stored 0%)
  adding: opt/webstack/html/.git/objects/7f/ (stored 0%)
  adding: opt/webstack/html/.git/objects/7f/9d94fb3e3b86eab2adede63e29e564477c50eb (stored 0%)
  adding: opt/webstack/html/.git/objects/dd/ (stored 0%)
  adding: opt/webstack/html/.git/objects/dd/afc37b84909cfa261a5b5deecef8be553d1275 (stored 0%)
  adding: opt/webstack/html/.git/objects/pack/ (stored 0%)
  adding: opt/webstack/html/.git/objects/e1/ (stored 0%)
  adding: opt/webstack/html/.git/objects/e1/b41b2d5138842e84a16ad7de593217aa36e8f3 (stored 0%)
  adding: opt/webstack/html/.git/objects/info/ (stored 0%)
  adding: opt/webstack/html/.git/objects/f0/ (stored 0%)
  adding: opt/webstack/html/.git/objects/f0/1e4be78b35e1089a8d813a18b49c388c4ab631 (stored 0%)
  adding: opt/webstack/html/.git/index (deflated 26%)
  adding: opt/webstack/html/.git/description (deflated 14%)
  adding: opt/webstack/html/.git/HEAD (stored 0%)
  adding: opt/webstack/html/.git/logs/ (stored 0%)
  adding: opt/webstack/html/.git/logs/HEAD (deflated 82%)
  adding: opt/webstack/html/.git/logs/refs/ (stored 0%)
  adding: opt/webstack/html/.git/logs/refs/heads/ (stored 0%)
  adding: opt/webstack/html/.git/logs/refs/heads/master (deflated 58%)
  adding: opt/webstack/html/.git/logs/refs/remotes/ (stored 0%)
  adding: opt/webstack/html/.git/logs/refs/remotes/origin/ (stored 0%)
  adding: opt/webstack/html/.git/logs/refs/remotes/origin/master (deflated 70%)
  adding: opt/webstack/html/.git/refs/ (stored 0%)
  adding: opt/webstack/html/.git/refs/heads/ (stored 0%)
  adding: opt/webstack/html/.git/refs/heads/master (stored 0%)
  adding: opt/webstack/html/.git/refs/tags/ (stored 0%)
  adding: opt/webstack/html/.git/refs/remotes/ (stored 0%)
  adding: opt/webstack/html/.git/refs/remotes/origin/ (stored 0%)
  adding: opt/webstack/html/.git/refs/remotes/origin/master (stored 0%)
  adding: opt/webstack/html/.git/config (deflated 33%)
  adding: opt/webstack/html/.git/COMMIT_EDITMSG (stored 0%)
  adding: opt/webstack/html/.git/FETCH_HEAD (deflated 8%)
  adding: opt/webstack/html/.git/ORIG_HEAD (stored 0%)
  adding: opt/webstack/html/.git/info/ (stored 0%)
  adding: opt/webstack/html/.git/info/exclude (deflated 28%)
  adding: opt/webstack/VERSION (stored 0%)
{"user":"invalid","errors":["user identifier is not a valid user, group, or subscribed user key, see https://pushover.net/api#identifiers"],"status":0,"request":"8f5ca50e-09e2-4e39-9420-4f4daea7a00a"}[Sat May 17 06:19:05 AM UTC 2025] Deploy complete: v1.0.2-dev
[Sat May 17 06:20:11 AM UTC 2025] Deploy started
From github.com:jasonhollis/webstack
 * branch            master     -> FETCH_HEAD
Already up to date.
  adding: opt/webstack/html/ (stored 0%)
  adding: opt/webstack/html/VERSION (stored 0%)
  adding: opt/webstack/html/test.php (stored 0%)
  adding: opt/webstack/html/.gitignore (deflated 26%)
  adding: opt/webstack/html/phpinfo.php (stored 0%)
  adding: opt/webstack/html/index.php (deflated 41%)
  adding: opt/webstack/html/.git/ (stored 0%)
  adding: opt/webstack/html/.git/hooks/ (stored 0%)
  adding: opt/webstack/html/.git/hooks/applypatch-msg.sample (deflated 42%)
  adding: opt/webstack/html/.git/hooks/push-to-checkout.sample (deflated 55%)
  adding: opt/webstack/html/.git/hooks/pre-rebase.sample (deflated 59%)
  adding: opt/webstack/html/.git/hooks/pre-applypatch.sample (deflated 38%)
  adding: opt/webstack/html/.git/hooks/post-update.sample (deflated 27%)
  adding: opt/webstack/html/.git/hooks/pre-merge-commit.sample (deflated 39%)
  adding: opt/webstack/html/.git/hooks/pre-commit.sample (deflated 45%)
  adding: opt/webstack/html/.git/hooks/pre-push.sample (deflated 49%)
  adding: opt/webstack/html/.git/hooks/pre-receive.sample (deflated 40%)
  adding: opt/webstack/html/.git/hooks/prepare-commit-msg.sample (deflated 50%)
  adding: opt/webstack/html/.git/hooks/commit-msg.sample (deflated 44%)
  adding: opt/webstack/html/.git/hooks/fsmonitor-watchman.sample (deflated 62%)
  adding: opt/webstack/html/.git/hooks/update.sample (deflated 68%)
  adding: opt/webstack/html/.git/branches/ (stored 0%)
  adding: opt/webstack/html/.git/objects/ (stored 0%)
  adding: opt/webstack/html/.git/objects/12/ (stored 0%)
  adding: opt/webstack/html/.git/objects/12/8aecdd08b19078faaf0fc520b95bcc2dce4336 (stored 0%)
  adding: opt/webstack/html/.git/objects/82/ (stored 0%)
  adding: opt/webstack/html/.git/objects/82/efba5bb2f7ee3e56d690c21122ffff5d9a1d63 (stored 0%)
  adding: opt/webstack/html/.git/objects/ab/ (stored 0%)
  adding: opt/webstack/html/.git/objects/ab/69e0901b745bb5b206690e44edaf045043f1e7 (stored 0%)
  adding: opt/webstack/html/.git/objects/31/ (stored 0%)
  adding: opt/webstack/html/.git/objects/31/b002ba092b48dbb754a340986f450be2bd94e4 (stored 0%)
  adding: opt/webstack/html/.git/objects/6d/ (stored 0%)
  adding: opt/webstack/html/.git/objects/6d/60e032bc04235d782e5993a4993b9ad0a8b4bc (stored 0%)
  adding: opt/webstack/html/.git/objects/d6/ (stored 0%)
  adding: opt/webstack/html/.git/objects/d6/66bd4748cd74e61c9e2290c68c4b07d92fda9b (stored 0%)
  adding: opt/webstack/html/.git/objects/42/ (stored 0%)
  adding: opt/webstack/html/.git/objects/42/ac8d56dbfbf2de4809a6404f27766f3bc09c97 (stored 0%)
  adding: opt/webstack/html/.git/objects/c3/ (stored 0%)
  adding: opt/webstack/html/.git/objects/c3/2ef9534f36ce9867164154f02b9e1e53798218 (stored 0%)
  adding: opt/webstack/html/.git/objects/df/ (stored 0%)
  adding: opt/webstack/html/.git/objects/df/0ad4bb4a6acf84467b6be21118c72ae8d61ae6 (stored 0%)
  adding: opt/webstack/html/.git/objects/ff/ (stored 0%)
  adding: opt/webstack/html/.git/objects/ff/9042b09fdac8335c59efaae17f51ab9d928ef9 (stored 0%)
  adding: opt/webstack/html/.git/objects/aa/ (stored 0%)
  adding: opt/webstack/html/.git/objects/aa/7009a05caea6bcd88ce9b269d3fb0ce1db0e6b (stored 0%)
  adding: opt/webstack/html/.git/objects/0c/ (stored 0%)
  adding: opt/webstack/html/.git/objects/0c/24678e334732e41a7ca374699a48b632de135b (stored 0%)
  adding: opt/webstack/html/.git/objects/f5/ (stored 0%)
  adding: opt/webstack/html/.git/objects/f5/1a70b555b95c7a6c454c0909c13efeedc493c1 (stored 0%)
  adding: opt/webstack/html/.git/objects/fc/ (stored 0%)
  adding: opt/webstack/html/.git/objects/fc/429ab943437bee2bd2d54fe73d76622b3528cf (stored 0%)
  adding: opt/webstack/html/.git/objects/7f/ (stored 0%)
  adding: opt/webstack/html/.git/objects/7f/9d94fb3e3b86eab2adede63e29e564477c50eb (stored 0%)
  adding: opt/webstack/html/.git/objects/dd/ (stored 0%)
  adding: opt/webstack/html/.git/objects/dd/afc37b84909cfa261a5b5deecef8be553d1275 (stored 0%)
  adding: opt/webstack/html/.git/objects/pack/ (stored 0%)
  adding: opt/webstack/html/.git/objects/e1/ (stored 0%)
  adding: opt/webstack/html/.git/objects/e1/b41b2d5138842e84a16ad7de593217aa36e8f3 (stored 0%)
  adding: opt/webstack/html/.git/objects/info/ (stored 0%)
  adding: opt/webstack/html/.git/objects/f0/ (stored 0%)
  adding: opt/webstack/html/.git/objects/f0/1e4be78b35e1089a8d813a18b49c388c4ab631 (stored 0%)
  adding: opt/webstack/html/.git/index (deflated 26%)
  adding: opt/webstack/html/.git/description (deflated 14%)
  adding: opt/webstack/html/.git/HEAD (stored 0%)
  adding: opt/webstack/html/.git/logs/ (stored 0%)
  adding: opt/webstack/html/.git/logs/HEAD (deflated 82%)
  adding: opt/webstack/html/.git/logs/refs/ (stored 0%)
  adding: opt/webstack/html/.git/logs/refs/heads/ (stored 0%)
  adding: opt/webstack/html/.git/logs/refs/heads/master (deflated 58%)
  adding: opt/webstack/html/.git/logs/refs/remotes/ (stored 0%)
  adding: opt/webstack/html/.git/logs/refs/remotes/origin/ (stored 0%)
  adding: opt/webstack/html/.git/logs/refs/remotes/origin/master (deflated 70%)
  adding: opt/webstack/html/.git/refs/ (stored 0%)
  adding: opt/webstack/html/.git/refs/heads/ (stored 0%)
  adding: opt/webstack/html/.git/refs/heads/master (stored 0%)
  adding: opt/webstack/html/.git/refs/tags/ (stored 0%)
  adding: opt/webstack/html/.git/refs/remotes/ (stored 0%)
  adding: opt/webstack/html/.git/refs/remotes/origin/ (stored 0%)
  adding: opt/webstack/html/.git/refs/remotes/origin/master (stored 0%)
  adding: opt/webstack/html/.git/config (deflated 33%)
  adding: opt/webstack/html/.git/COMMIT_EDITMSG (stored 0%)
  adding: opt/webstack/html/.git/FETCH_HEAD (deflated 8%)
  adding: opt/webstack/html/.git/ORIG_HEAD (stored 0%)
  adding: opt/webstack/html/.git/info/ (stored 0%)
  adding: opt/webstack/html/.git/info/exclude (deflated 28%)
  adding: opt/webstack/VERSION (stored 0%)
{"user":"invalid","errors":["user identifier is not a valid user, group, or subscribed user key, see https://pushover.net/api#identifiers"],"status":0,"request":"f63de6f1-4e6a-4ffd-8705-8a8a78d886e6"}[Sat May 17 06:20:14 AM UTC 2025] Deploy complete: v1.0.2-dev
[Sat May 17 06:22:16 AM UTC 2025] Deploy started
From github.com:jasonhollis/webstack
 * branch            master     -> FETCH_HEAD
Already up to date.
  adding: opt/webstack/html/ (stored 0%)
  adding: opt/webstack/html/VERSION (stored 0%)
  adding: opt/webstack/html/test.php (stored 0%)
  adding: opt/webstack/html/.gitignore (deflated 26%)
  adding: opt/webstack/html/phpinfo.php (stored 0%)
  adding: opt/webstack/html/index.php (deflated 41%)
  adding: opt/webstack/html/.git/ (stored 0%)
  adding: opt/webstack/html/.git/hooks/ (stored 0%)
  adding: opt/webstack/html/.git/hooks/applypatch-msg.sample (deflated 42%)
  adding: opt/webstack/html/.git/hooks/push-to-checkout.sample (deflated 55%)
  adding: opt/webstack/html/.git/hooks/pre-rebase.sample (deflated 59%)
  adding: opt/webstack/html/.git/hooks/pre-applypatch.sample (deflated 38%)
  adding: opt/webstack/html/.git/hooks/post-update.sample (deflated 27%)
  adding: opt/webstack/html/.git/hooks/pre-merge-commit.sample (deflated 39%)
  adding: opt/webstack/html/.git/hooks/pre-commit.sample (deflated 45%)
  adding: opt/webstack/html/.git/hooks/pre-push.sample (deflated 49%)
  adding: opt/webstack/html/.git/hooks/pre-receive.sample (deflated 40%)
  adding: opt/webstack/html/.git/hooks/prepare-commit-msg.sample (deflated 50%)
  adding: opt/webstack/html/.git/hooks/commit-msg.sample (deflated 44%)
  adding: opt/webstack/html/.git/hooks/fsmonitor-watchman.sample (deflated 62%)
  adding: opt/webstack/html/.git/hooks/update.sample (deflated 68%)
  adding: opt/webstack/html/.git/branches/ (stored 0%)
  adding: opt/webstack/html/.git/objects/ (stored 0%)
  adding: opt/webstack/html/.git/objects/12/ (stored 0%)
  adding: opt/webstack/html/.git/objects/12/8aecdd08b19078faaf0fc520b95bcc2dce4336 (stored 0%)
  adding: opt/webstack/html/.git/objects/82/ (stored 0%)
  adding: opt/webstack/html/.git/objects/82/efba5bb2f7ee3e56d690c21122ffff5d9a1d63 (stored 0%)
  adding: opt/webstack/html/.git/objects/ab/ (stored 0%)
  adding: opt/webstack/html/.git/objects/ab/69e0901b745bb5b206690e44edaf045043f1e7 (stored 0%)
  adding: opt/webstack/html/.git/objects/31/ (stored 0%)
  adding: opt/webstack/html/.git/objects/31/b002ba092b48dbb754a340986f450be2bd94e4 (stored 0%)
  adding: opt/webstack/html/.git/objects/6d/ (stored 0%)
  adding: opt/webstack/html/.git/objects/6d/60e032bc04235d782e5993a4993b9ad0a8b4bc (stored 0%)
  adding: opt/webstack/html/.git/objects/d6/ (stored 0%)
  adding: opt/webstack/html/.git/objects/d6/66bd4748cd74e61c9e2290c68c4b07d92fda9b (stored 0%)
  adding: opt/webstack/html/.git/objects/42/ (stored 0%)
  adding: opt/webstack/html/.git/objects/42/ac8d56dbfbf2de4809a6404f27766f3bc09c97 (stored 0%)
  adding: opt/webstack/html/.git/objects/c3/ (stored 0%)
  adding: opt/webstack/html/.git/objects/c3/2ef9534f36ce9867164154f02b9e1e53798218 (stored 0%)
  adding: opt/webstack/html/.git/objects/df/ (stored 0%)
  adding: opt/webstack/html/.git/objects/df/0ad4bb4a6acf84467b6be21118c72ae8d61ae6 (stored 0%)
  adding: opt/webstack/html/.git/objects/ff/ (stored 0%)
  adding: opt/webstack/html/.git/objects/ff/9042b09fdac8335c59efaae17f51ab9d928ef9 (stored 0%)
  adding: opt/webstack/html/.git/objects/aa/ (stored 0%)
  adding: opt/webstack/html/.git/objects/aa/7009a05caea6bcd88ce9b269d3fb0ce1db0e6b (stored 0%)
  adding: opt/webstack/html/.git/objects/0c/ (stored 0%)
  adding: opt/webstack/html/.git/objects/0c/24678e334732e41a7ca374699a48b632de135b (stored 0%)
  adding: opt/webstack/html/.git/objects/f5/ (stored 0%)
  adding: opt/webstack/html/.git/objects/f5/1a70b555b95c7a6c454c0909c13efeedc493c1 (stored 0%)
  adding: opt/webstack/html/.git/objects/fc/ (stored 0%)
  adding: opt/webstack/html/.git/objects/fc/429ab943437bee2bd2d54fe73d76622b3528cf (stored 0%)
  adding: opt/webstack/html/.git/objects/7f/ (stored 0%)
  adding: opt/webstack/html/.git/objects/7f/9d94fb3e3b86eab2adede63e29e564477c50eb (stored 0%)
  adding: opt/webstack/html/.git/objects/dd/ (stored 0%)
  adding: opt/webstack/html/.git/objects/dd/afc37b84909cfa261a5b5deecef8be553d1275 (stored 0%)
  adding: opt/webstack/html/.git/objects/pack/ (stored 0%)
  adding: opt/webstack/html/.git/objects/e1/ (stored 0%)
  adding: opt/webstack/html/.git/objects/e1/b41b2d5138842e84a16ad7de593217aa36e8f3 (stored 0%)
  adding: opt/webstack/html/.git/objects/info/ (stored 0%)
  adding: opt/webstack/html/.git/objects/f0/ (stored 0%)
  adding: opt/webstack/html/.git/objects/f0/1e4be78b35e1089a8d813a18b49c388c4ab631 (stored 0%)
  adding: opt/webstack/html/.git/index (deflated 26%)
  adding: opt/webstack/html/.git/description (deflated 14%)
  adding: opt/webstack/html/.git/HEAD (stored 0%)
  adding: opt/webstack/html/.git/logs/ (stored 0%)
  adding: opt/webstack/html/.git/logs/HEAD (deflated 82%)
  adding: opt/webstack/html/.git/logs/refs/ (stored 0%)
  adding: opt/webstack/html/.git/logs/refs/heads/ (stored 0%)
  adding: opt/webstack/html/.git/logs/refs/heads/master (deflated 58%)
  adding: opt/webstack/html/.git/logs/refs/remotes/ (stored 0%)
  adding: opt/webstack/html/.git/logs/refs/remotes/origin/ (stored 0%)
  adding: opt/webstack/html/.git/logs/refs/remotes/origin/master (deflated 70%)
  adding: opt/webstack/html/.git/refs/ (stored 0%)
  adding: opt/webstack/html/.git/refs/heads/ (stored 0%)
  adding: opt/webstack/html/.git/refs/heads/master (stored 0%)
  adding: opt/webstack/html/.git/refs/tags/ (stored 0%)
  adding: opt/webstack/html/.git/refs/remotes/ (stored 0%)
  adding: opt/webstack/html/.git/refs/remotes/origin/ (stored 0%)
  adding: opt/webstack/html/.git/refs/remotes/origin/master (stored 0%)
  adding: opt/webstack/html/.git/config (deflated 33%)
  adding: opt/webstack/html/.git/COMMIT_EDITMSG (stored 0%)
  adding: opt/webstack/html/.git/FETCH_HEAD (deflated 8%)
  adding: opt/webstack/html/.git/ORIG_HEAD (stored 0%)
  adding: opt/webstack/html/.git/info/ (stored 0%)
  adding: opt/webstack/html/.git/info/exclude (deflated 28%)
  adding: opt/webstack/VERSION (stored 0%)
{"status":1,"request":"e3b3d223-a7a2-479f-8652-59ddb740b870"}[Sat May 17 06:22:19 AM UTC 2025] Deploy complete: v1.0.2-dev
From github.com:jasonhollis/webstack
 * branch            master     -> FETCH_HEAD
Already up to date.
  adding: opt/webstack/html/ (stored 0%)
  adding: opt/webstack/html/index.html (deflated 33%)
  adding: opt/webstack/html/VERSION (stored 0%)
  adding: opt/webstack/html/test.php (stored 0%)
  adding: opt/webstack/html/.gitignore (deflated 26%)
  adding: opt/webstack/html/phpinfo.php (stored 0%)
  adding: opt/webstack/html/index.php (deflated 41%)
  adding: opt/webstack/html/.git/ (stored 0%)
  adding: opt/webstack/html/.git/hooks/ (stored 0%)
  adding: opt/webstack/html/.git/hooks/applypatch-msg.sample (deflated 42%)
  adding: opt/webstack/html/.git/hooks/push-to-checkout.sample (deflated 55%)
  adding: opt/webstack/html/.git/hooks/pre-rebase.sample (deflated 59%)
  adding: opt/webstack/html/.git/hooks/pre-applypatch.sample (deflated 38%)
  adding: opt/webstack/html/.git/hooks/post-update.sample (deflated 27%)
  adding: opt/webstack/html/.git/hooks/pre-merge-commit.sample (deflated 39%)
  adding: opt/webstack/html/.git/hooks/pre-commit.sample (deflated 45%)
  adding: opt/webstack/html/.git/hooks/pre-push.sample (deflated 49%)
  adding: opt/webstack/html/.git/hooks/pre-receive.sample (deflated 40%)
  adding: opt/webstack/html/.git/hooks/prepare-commit-msg.sample (deflated 50%)
  adding: opt/webstack/html/.git/hooks/commit-msg.sample (deflated 44%)
  adding: opt/webstack/html/.git/hooks/fsmonitor-watchman.sample (deflated 62%)
  adding: opt/webstack/html/.git/hooks/update.sample (deflated 68%)
  adding: opt/webstack/html/.git/branches/ (stored 0%)
  adding: opt/webstack/html/.git/objects/ (stored 0%)
  adding: opt/webstack/html/.git/objects/12/ (stored 0%)
  adding: opt/webstack/html/.git/objects/12/8aecdd08b19078faaf0fc520b95bcc2dce4336 (stored 0%)
  adding: opt/webstack/html/.git/objects/82/ (stored 0%)
  adding: opt/webstack/html/.git/objects/82/efba5bb2f7ee3e56d690c21122ffff5d9a1d63 (stored 0%)
  adding: opt/webstack/html/.git/objects/ab/ (stored 0%)
  adding: opt/webstack/html/.git/objects/ab/69e0901b745bb5b206690e44edaf045043f1e7 (stored 0%)
  adding: opt/webstack/html/.git/objects/31/ (stored 0%)
  adding: opt/webstack/html/.git/objects/31/b002ba092b48dbb754a340986f450be2bd94e4 (stored 0%)
  adding: opt/webstack/html/.git/objects/6d/ (stored 0%)
  adding: opt/webstack/html/.git/objects/6d/60e032bc04235d782e5993a4993b9ad0a8b4bc (stored 0%)
  adding: opt/webstack/html/.git/objects/d6/ (stored 0%)
  adding: opt/webstack/html/.git/objects/d6/66bd4748cd74e61c9e2290c68c4b07d92fda9b (stored 0%)
  adding: opt/webstack/html/.git/objects/42/ (stored 0%)
  adding: opt/webstack/html/.git/objects/42/ac8d56dbfbf2de4809a6404f27766f3bc09c97 (stored 0%)
  adding: opt/webstack/html/.git/objects/c3/ (stored 0%)
  adding: opt/webstack/html/.git/objects/c3/2ef9534f36ce9867164154f02b9e1e53798218 (stored 0%)
  adding: opt/webstack/html/.git/objects/df/ (stored 0%)
  adding: opt/webstack/html/.git/objects/df/0ad4bb4a6acf84467b6be21118c72ae8d61ae6 (stored 0%)
  adding: opt/webstack/html/.git/objects/ff/ (stored 0%)
  adding: opt/webstack/html/.git/objects/ff/9042b09fdac8335c59efaae17f51ab9d928ef9 (stored 0%)
  adding: opt/webstack/html/.git/objects/aa/ (stored 0%)
  adding: opt/webstack/html/.git/objects/aa/7009a05caea6bcd88ce9b269d3fb0ce1db0e6b (stored 0%)
  adding: opt/webstack/html/.git/objects/0c/ (stored 0%)
  adding: opt/webstack/html/.git/objects/0c/24678e334732e41a7ca374699a48b632de135b (stored 0%)
  adding: opt/webstack/html/.git/objects/f5/ (stored 0%)
  adding: opt/webstack/html/.git/objects/f5/1a70b555b95c7a6c454c0909c13efeedc493c1 (stored 0%)
  adding: opt/webstack/html/.git/objects/fc/ (stored 0%)
  adding: opt/webstack/html/.git/objects/fc/429ab943437bee2bd2d54fe73d76622b3528cf (stored 0%)
  adding: opt/webstack/html/.git/objects/7f/ (stored 0%)
  adding: opt/webstack/html/.git/objects/7f/9d94fb3e3b86eab2adede63e29e564477c50eb (stored 0%)
  adding: opt/webstack/html/.git/objects/dd/ (stored 0%)
  adding: opt/webstack/html/.git/objects/dd/afc37b84909cfa261a5b5deecef8be553d1275 (stored 0%)
  adding: opt/webstack/html/.git/objects/pack/ (stored 0%)
  adding: opt/webstack/html/.git/objects/e1/ (stored 0%)
  adding: opt/webstack/html/.git/objects/e1/b41b2d5138842e84a16ad7de593217aa36e8f3 (stored 0%)
  adding: opt/webstack/html/.git/objects/info/ (stored 0%)
  adding: opt/webstack/html/.git/objects/f0/ (stored 0%)
  adding: opt/webstack/html/.git/objects/f0/1e4be78b35e1089a8d813a18b49c388c4ab631 (stored 0%)
  adding: opt/webstack/html/.git/index (deflated 27%)
  adding: opt/webstack/html/.git/description (deflated 14%)
  adding: opt/webstack/html/.git/HEAD (stored 0%)
  adding: opt/webstack/html/.git/logs/ (stored 0%)
  adding: opt/webstack/html/.git/logs/HEAD (deflated 83%)
  adding: opt/webstack/html/.git/logs/refs/ (stored 0%)
  adding: opt/webstack/html/.git/logs/refs/heads/ (stored 0%)
  adding: opt/webstack/html/.git/logs/refs/heads/master (deflated 58%)
  adding: opt/webstack/html/.git/logs/refs/remotes/ (stored 0%)
  adding: opt/webstack/html/.git/logs/refs/remotes/origin/ (stored 0%)
  adding: opt/webstack/html/.git/logs/refs/remotes/origin/master (deflated 70%)
  adding: opt/webstack/html/.git/refs/ (stored 0%)
  adding: opt/webstack/html/.git/refs/heads/ (stored 0%)
  adding: opt/webstack/html/.git/refs/heads/master (stored 0%)
  adding: opt/webstack/html/.git/refs/tags/ (stored 0%)
  adding: opt/webstack/html/.git/refs/remotes/ (stored 0%)
  adding: opt/webstack/html/.git/refs/remotes/origin/ (stored 0%)
  adding: opt/webstack/html/.git/refs/remotes/origin/master (stored 0%)
  adding: opt/webstack/html/.git/config (deflated 33%)
  adding: opt/webstack/html/.git/COMMIT_EDITMSG (stored 0%)
  adding: opt/webstack/html/.git/FETCH_HEAD (deflated 8%)
  adding: opt/webstack/html/.git/ORIG_HEAD (stored 0%)
  adding: opt/webstack/html/.git/info/ (stored 0%)
  adding: opt/webstack/html/.git/info/exclude (deflated 28%)
  adding: opt/webstack/VERSION (stored 0%)
{"status":1,"request":"e8f51f31-f606-408c-91f3-5c6823db0501"}[Sat May 17 06:31:38 AM UTC 2025] ✅ Deployed: v1.0.3-dev
From github.com:jasonhollis/webstack
 * branch            master     -> FETCH_HEAD
Already up to date.
  adding: opt/webstack/html/ (stored 0%)
  adding: opt/webstack/html/about.php (deflated 45%)
  adding: opt/webstack/html/smallbiz.php (deflated 43%)
  adding: opt/webstack/html/contact.php (deflated 47%)
  adding: opt/webstack/html/VERSION (stored 0%)
  adding: opt/webstack/html/test.php (stored 0%)
  adding: opt/webstack/html/.gitignore (deflated 26%)
  adding: opt/webstack/html/phpinfo.php (stored 0%)
  adding: opt/webstack/html/automation.php (deflated 43%)
  adding: opt/webstack/html/index.php (deflated 58%)
  adding: opt/webstack/html/.git/ (stored 0%)
  adding: opt/webstack/html/.git/hooks/ (stored 0%)
  adding: opt/webstack/html/.git/hooks/applypatch-msg.sample (deflated 42%)
  adding: opt/webstack/html/.git/hooks/push-to-checkout.sample (deflated 55%)
  adding: opt/webstack/html/.git/hooks/pre-rebase.sample (deflated 59%)
  adding: opt/webstack/html/.git/hooks/pre-applypatch.sample (deflated 38%)
  adding: opt/webstack/html/.git/hooks/post-update.sample (deflated 27%)
  adding: opt/webstack/html/.git/hooks/pre-merge-commit.sample (deflated 39%)
  adding: opt/webstack/html/.git/hooks/pre-commit.sample (deflated 45%)
  adding: opt/webstack/html/.git/hooks/pre-push.sample (deflated 49%)
  adding: opt/webstack/html/.git/hooks/pre-receive.sample (deflated 40%)
  adding: opt/webstack/html/.git/hooks/prepare-commit-msg.sample (deflated 50%)
  adding: opt/webstack/html/.git/hooks/commit-msg.sample (deflated 44%)
  adding: opt/webstack/html/.git/hooks/fsmonitor-watchman.sample (deflated 62%)
  adding: opt/webstack/html/.git/hooks/update.sample (deflated 68%)
  adding: opt/webstack/html/.git/branches/ (stored 0%)
  adding: opt/webstack/html/.git/objects/ (stored 0%)
  adding: opt/webstack/html/.git/objects/12/ (stored 0%)
  adding: opt/webstack/html/.git/objects/12/8aecdd08b19078faaf0fc520b95bcc2dce4336 (stored 0%)
  adding: opt/webstack/html/.git/objects/82/ (stored 0%)
  adding: opt/webstack/html/.git/objects/82/efba5bb2f7ee3e56d690c21122ffff5d9a1d63 (stored 0%)
  adding: opt/webstack/html/.git/objects/ab/ (stored 0%)
  adding: opt/webstack/html/.git/objects/ab/69e0901b745bb5b206690e44edaf045043f1e7 (stored 0%)
  adding: opt/webstack/html/.git/objects/31/ (stored 0%)
  adding: opt/webstack/html/.git/objects/31/b002ba092b48dbb754a340986f450be2bd94e4 (stored 0%)
  adding: opt/webstack/html/.git/objects/6d/ (stored 0%)
  adding: opt/webstack/html/.git/objects/6d/60e032bc04235d782e5993a4993b9ad0a8b4bc (stored 0%)
  adding: opt/webstack/html/.git/objects/d6/ (stored 0%)
  adding: opt/webstack/html/.git/objects/d6/66bd4748cd74e61c9e2290c68c4b07d92fda9b (stored 0%)
  adding: opt/webstack/html/.git/objects/42/ (stored 0%)
  adding: opt/webstack/html/.git/objects/42/ac8d56dbfbf2de4809a6404f27766f3bc09c97 (stored 0%)
  adding: opt/webstack/html/.git/objects/c3/ (stored 0%)
  adding: opt/webstack/html/.git/objects/c3/2ef9534f36ce9867164154f02b9e1e53798218 (stored 0%)
  adding: opt/webstack/html/.git/objects/df/ (stored 0%)
  adding: opt/webstack/html/.git/objects/df/0ad4bb4a6acf84467b6be21118c72ae8d61ae6 (stored 0%)
  adding: opt/webstack/html/.git/objects/ff/ (stored 0%)
  adding: opt/webstack/html/.git/objects/ff/9042b09fdac8335c59efaae17f51ab9d928ef9 (stored 0%)
  adding: opt/webstack/html/.git/objects/aa/ (stored 0%)
  adding: opt/webstack/html/.git/objects/aa/7009a05caea6bcd88ce9b269d3fb0ce1db0e6b (stored 0%)
  adding: opt/webstack/html/.git/objects/0c/ (stored 0%)
  adding: opt/webstack/html/.git/objects/0c/24678e334732e41a7ca374699a48b632de135b (stored 0%)
  adding: opt/webstack/html/.git/objects/f5/ (stored 0%)
  adding: opt/webstack/html/.git/objects/f5/1a70b555b95c7a6c454c0909c13efeedc493c1 (stored 0%)
  adding: opt/webstack/html/.git/objects/fc/ (stored 0%)
  adding: opt/webstack/html/.git/objects/fc/429ab943437bee2bd2d54fe73d76622b3528cf (stored 0%)
  adding: opt/webstack/html/.git/objects/7f/ (stored 0%)
  adding: opt/webstack/html/.git/objects/7f/9d94fb3e3b86eab2adede63e29e564477c50eb (stored 0%)
  adding: opt/webstack/html/.git/objects/dd/ (stored 0%)
  adding: opt/webstack/html/.git/objects/dd/afc37b84909cfa261a5b5deecef8be553d1275 (stored 0%)
  adding: opt/webstack/html/.git/objects/pack/ (stored 0%)
  adding: opt/webstack/html/.git/objects/e1/ (stored 0%)
  adding: opt/webstack/html/.git/objects/e1/b41b2d5138842e84a16ad7de593217aa36e8f3 (stored 0%)
  adding: opt/webstack/html/.git/objects/info/ (stored 0%)
  adding: opt/webstack/html/.git/objects/f0/ (stored 0%)
  adding: opt/webstack/html/.git/objects/f0/1e4be78b35e1089a8d813a18b49c388c4ab631 (stored 0%)
  adding: opt/webstack/html/.git/index (deflated 27%)
  adding: opt/webstack/html/.git/description (deflated 14%)
  adding: opt/webstack/html/.git/HEAD (stored 0%)
  adding: opt/webstack/html/.git/logs/ (stored 0%)
  adding: opt/webstack/html/.git/logs/HEAD (deflated 83%)
  adding: opt/webstack/html/.git/logs/refs/ (stored 0%)
  adding: opt/webstack/html/.git/logs/refs/heads/ (stored 0%)
  adding: opt/webstack/html/.git/logs/refs/heads/master (deflated 58%)
  adding: opt/webstack/html/.git/logs/refs/remotes/ (stored 0%)
  adding: opt/webstack/html/.git/logs/refs/remotes/origin/ (stored 0%)
  adding: opt/webstack/html/.git/logs/refs/remotes/origin/master (deflated 70%)
  adding: opt/webstack/html/.git/refs/ (stored 0%)
  adding: opt/webstack/html/.git/refs/heads/ (stored 0%)
  adding: opt/webstack/html/.git/refs/heads/master (stored 0%)
  adding: opt/webstack/html/.git/refs/tags/ (stored 0%)
  adding: opt/webstack/html/.git/refs/remotes/ (stored 0%)
  adding: opt/webstack/html/.git/refs/remotes/origin/ (stored 0%)
  adding: opt/webstack/html/.git/refs/remotes/origin/master (stored 0%)
  adding: opt/webstack/html/.git/config (deflated 33%)
  adding: opt/webstack/html/.git/COMMIT_EDITMSG (stored 0%)
  adding: opt/webstack/html/.git/FETCH_HEAD (deflated 8%)
  adding: opt/webstack/html/.git/ORIG_HEAD (stored 0%)
  adding: opt/webstack/html/.git/info/ (stored 0%)
  adding: opt/webstack/html/.git/info/exclude (deflated 28%)
  adding: opt/webstack/html/enterprise.php (deflated 42%)
  adding: opt/webstack/VERSION (stored 0%)
{"status":1,"request":"09ba24e3-0bd0-4d79-bc79-86cb8a80cfef"}[Sat May 17 07:06:35 AM UTC 2025] ✅ Deployed: v1.1.0-release
From github.com:jasonhollis/webstack
 * branch            master     -> FETCH_HEAD
Already up to date.
  adding: opt/webstack/html/ (stored 0%)
  adding: opt/webstack/html/about.php (deflated 45%)
  adding: opt/webstack/html/smallbiz.php (deflated 44%)
  adding: opt/webstack/html/contact.php (deflated 47%)
  adding: opt/webstack/html/VERSION (stored 0%)
  adding: opt/webstack/html/test.php (stored 0%)
  adding: opt/webstack/html/footer.php (deflated 10%)
  adding: opt/webstack/html/.gitignore (deflated 26%)
  adding: opt/webstack/html/phpinfo.php (stored 0%)
  adding: opt/webstack/html/automation.php (deflated 44%)
  adding: opt/webstack/html/index.php (deflated 58%)
  adding: opt/webstack/html/.git/ (stored 0%)
  adding: opt/webstack/html/.git/hooks/ (stored 0%)
  adding: opt/webstack/html/.git/hooks/applypatch-msg.sample (deflated 42%)
  adding: opt/webstack/html/.git/hooks/push-to-checkout.sample (deflated 55%)
  adding: opt/webstack/html/.git/hooks/pre-rebase.sample (deflated 59%)
  adding: opt/webstack/html/.git/hooks/pre-applypatch.sample (deflated 38%)
  adding: opt/webstack/html/.git/hooks/post-update.sample (deflated 27%)
  adding: opt/webstack/html/.git/hooks/pre-merge-commit.sample (deflated 39%)
  adding: opt/webstack/html/.git/hooks/pre-commit.sample (deflated 45%)
  adding: opt/webstack/html/.git/hooks/pre-push.sample (deflated 49%)
  adding: opt/webstack/html/.git/hooks/pre-receive.sample (deflated 40%)
  adding: opt/webstack/html/.git/hooks/prepare-commit-msg.sample (deflated 50%)
  adding: opt/webstack/html/.git/hooks/commit-msg.sample (deflated 44%)
  adding: opt/webstack/html/.git/hooks/fsmonitor-watchman.sample (deflated 62%)
  adding: opt/webstack/html/.git/hooks/update.sample (deflated 68%)
  adding: opt/webstack/html/.git/branches/ (stored 0%)
  adding: opt/webstack/html/.git/objects/ (stored 0%)
  adding: opt/webstack/html/.git/objects/12/ (stored 0%)
  adding: opt/webstack/html/.git/objects/12/8aecdd08b19078faaf0fc520b95bcc2dce4336 (stored 0%)
  adding: opt/webstack/html/.git/objects/82/ (stored 0%)
  adding: opt/webstack/html/.git/objects/82/efba5bb2f7ee3e56d690c21122ffff5d9a1d63 (stored 0%)
  adding: opt/webstack/html/.git/objects/ab/ (stored 0%)
  adding: opt/webstack/html/.git/objects/ab/69e0901b745bb5b206690e44edaf045043f1e7 (stored 0%)
  adding: opt/webstack/html/.git/objects/31/ (stored 0%)
  adding: opt/webstack/html/.git/objects/31/b002ba092b48dbb754a340986f450be2bd94e4 (stored 0%)
  adding: opt/webstack/html/.git/objects/6d/ (stored 0%)
  adding: opt/webstack/html/.git/objects/6d/60e032bc04235d782e5993a4993b9ad0a8b4bc (stored 0%)
  adding: opt/webstack/html/.git/objects/d6/ (stored 0%)
  adding: opt/webstack/html/.git/objects/d6/66bd4748cd74e61c9e2290c68c4b07d92fda9b (stored 0%)
  adding: opt/webstack/html/.git/objects/42/ (stored 0%)
  adding: opt/webstack/html/.git/objects/42/ac8d56dbfbf2de4809a6404f27766f3bc09c97 (stored 0%)
  adding: opt/webstack/html/.git/objects/c3/ (stored 0%)
  adding: opt/webstack/html/.git/objects/c3/2ef9534f36ce9867164154f02b9e1e53798218 (stored 0%)
  adding: opt/webstack/html/.git/objects/df/ (stored 0%)
  adding: opt/webstack/html/.git/objects/df/0ad4bb4a6acf84467b6be21118c72ae8d61ae6 (stored 0%)
  adding: opt/webstack/html/.git/objects/ff/ (stored 0%)
  adding: opt/webstack/html/.git/objects/ff/9042b09fdac8335c59efaae17f51ab9d928ef9 (stored 0%)
  adding: opt/webstack/html/.git/objects/aa/ (stored 0%)
  adding: opt/webstack/html/.git/objects/aa/7009a05caea6bcd88ce9b269d3fb0ce1db0e6b (stored 0%)
  adding: opt/webstack/html/.git/objects/0c/ (stored 0%)
  adding: opt/webstack/html/.git/objects/0c/24678e334732e41a7ca374699a48b632de135b (stored 0%)
  adding: opt/webstack/html/.git/objects/e8/ (stored 0%)
  adding: opt/webstack/html/.git/objects/e8/eb29b33c17fc44e251a8e2efb818c38584f943 (stored 0%)
  adding: opt/webstack/html/.git/objects/f5/ (stored 0%)
  adding: opt/webstack/html/.git/objects/f5/1a70b555b95c7a6c454c0909c13efeedc493c1 (stored 0%)
  adding: opt/webstack/html/.git/objects/fc/ (stored 0%)
  adding: opt/webstack/html/.git/objects/fc/429ab943437bee2bd2d54fe73d76622b3528cf (stored 0%)
  adding: opt/webstack/html/.git/objects/7f/ (stored 0%)
  adding: opt/webstack/html/.git/objects/7f/9d94fb3e3b86eab2adede63e29e564477c50eb (stored 0%)
  adding: opt/webstack/html/.git/objects/fe/ (stored 0%)
  adding: opt/webstack/html/.git/objects/fe/1278bb48a5fb9bad2476922dbc7121f50b6da0 (stored 0%)
  adding: opt/webstack/html/.git/objects/dd/ (stored 0%)
  adding: opt/webstack/html/.git/objects/dd/afc37b84909cfa261a5b5deecef8be553d1275 (stored 0%)
  adding: opt/webstack/html/.git/objects/pack/ (stored 0%)
  adding: opt/webstack/html/.git/objects/e1/ (stored 0%)
  adding: opt/webstack/html/.git/objects/e1/b41b2d5138842e84a16ad7de593217aa36e8f3 (stored 0%)
  adding: opt/webstack/html/.git/objects/info/ (stored 0%)
  adding: opt/webstack/html/.git/objects/f0/ (stored 0%)
  adding: opt/webstack/html/.git/objects/f0/1e4be78b35e1089a8d813a18b49c388c4ab631 (stored 0%)
  adding: opt/webstack/html/.git/index (deflated 20%)
  adding: opt/webstack/html/.git/description (deflated 14%)
  adding: opt/webstack/html/.git/HEAD (stored 0%)
  adding: opt/webstack/html/.git/logs/ (stored 0%)
  adding: opt/webstack/html/.git/logs/HEAD (deflated 83%)
  adding: opt/webstack/html/.git/logs/refs/ (stored 0%)
  adding: opt/webstack/html/.git/logs/refs/heads/ (stored 0%)
  adding: opt/webstack/html/.git/logs/refs/heads/master (deflated 59%)
  adding: opt/webstack/html/.git/logs/refs/remotes/ (stored 0%)
  adding: opt/webstack/html/.git/logs/refs/remotes/origin/ (stored 0%)
  adding: opt/webstack/html/.git/logs/refs/remotes/origin/master (deflated 71%)
  adding: opt/webstack/html/.git/refs/ (stored 0%)
  adding: opt/webstack/html/.git/refs/heads/ (stored 0%)
  adding: opt/webstack/html/.git/refs/heads/master (stored 0%)
  adding: opt/webstack/html/.git/refs/tags/ (stored 0%)
  adding: opt/webstack/html/.git/refs/remotes/ (stored 0%)
  adding: opt/webstack/html/.git/refs/remotes/origin/ (stored 0%)
  adding: opt/webstack/html/.git/refs/remotes/origin/master (stored 0%)
  adding: opt/webstack/html/.git/config (deflated 33%)
  adding: opt/webstack/html/.git/COMMIT_EDITMSG (stored 0%)
  adding: opt/webstack/html/.git/FETCH_HEAD (deflated 6%)
  adding: opt/webstack/html/.git/ORIG_HEAD (stored 0%)
  adding: opt/webstack/html/.git/info/ (stored 0%)
  adding: opt/webstack/html/.git/info/exclude (deflated 28%)
  adding: opt/webstack/html/enterprise.php (deflated 43%)
  adding: opt/webstack/VERSION (stored 0%)
{"status":1,"request":"f34fbcc4-b3c0-4fca-8177-67605b623d26"}[Sat May 17 07:22:45 AM UTC 2025] ✅ Deployed: v1.1.0-release
From github.com:jasonhollis/webstack
 * branch            master     -> FETCH_HEAD
Already up to date.
  adding: opt/webstack/html/ (stored 0%)
  adding: opt/webstack/html/about.php (deflated 45%)
  adding: opt/webstack/html/smallbiz.php (deflated 44%)
  adding: opt/webstack/html/contact.php (deflated 47%)
  adding: opt/webstack/html/VERSION (stored 0%)
  adding: opt/webstack/html/test.php (stored 0%)
  adding: opt/webstack/html/footer.php (deflated 10%)
  adding: opt/webstack/html/.gitignore (deflated 26%)
  adding: opt/webstack/html/phpinfo.php (stored 0%)
  adding: opt/webstack/html/automation.php (deflated 44%)
  adding: opt/webstack/html/index.php (deflated 61%)
  adding: opt/webstack/html/.git/ (stored 0%)
  adding: opt/webstack/html/.git/hooks/ (stored 0%)
  adding: opt/webstack/html/.git/hooks/applypatch-msg.sample (deflated 42%)
  adding: opt/webstack/html/.git/hooks/push-to-checkout.sample (deflated 55%)
  adding: opt/webstack/html/.git/hooks/pre-rebase.sample (deflated 59%)
  adding: opt/webstack/html/.git/hooks/pre-applypatch.sample (deflated 38%)
  adding: opt/webstack/html/.git/hooks/post-update.sample (deflated 27%)
  adding: opt/webstack/html/.git/hooks/pre-merge-commit.sample (deflated 39%)
  adding: opt/webstack/html/.git/hooks/pre-commit.sample (deflated 45%)
  adding: opt/webstack/html/.git/hooks/pre-push.sample (deflated 49%)
  adding: opt/webstack/html/.git/hooks/pre-receive.sample (deflated 40%)
  adding: opt/webstack/html/.git/hooks/prepare-commit-msg.sample (deflated 50%)
  adding: opt/webstack/html/.git/hooks/commit-msg.sample (deflated 44%)
  adding: opt/webstack/html/.git/hooks/fsmonitor-watchman.sample (deflated 62%)
  adding: opt/webstack/html/.git/hooks/update.sample (deflated 68%)
  adding: opt/webstack/html/.git/branches/ (stored 0%)
  adding: opt/webstack/html/.git/objects/ (stored 0%)
  adding: opt/webstack/html/.git/objects/12/ (stored 0%)
  adding: opt/webstack/html/.git/objects/12/8aecdd08b19078faaf0fc520b95bcc2dce4336 (stored 0%)
  adding: opt/webstack/html/.git/objects/82/ (stored 0%)
  adding: opt/webstack/html/.git/objects/82/efba5bb2f7ee3e56d690c21122ffff5d9a1d63 (stored 0%)
  adding: opt/webstack/html/.git/objects/ab/ (stored 0%)
  adding: opt/webstack/html/.git/objects/ab/69e0901b745bb5b206690e44edaf045043f1e7 (stored 0%)
  adding: opt/webstack/html/.git/objects/31/ (stored 0%)
  adding: opt/webstack/html/.git/objects/31/b002ba092b48dbb754a340986f450be2bd94e4 (stored 0%)
  adding: opt/webstack/html/.git/objects/6d/ (stored 0%)
  adding: opt/webstack/html/.git/objects/6d/60e032bc04235d782e5993a4993b9ad0a8b4bc (stored 0%)
  adding: opt/webstack/html/.git/objects/d6/ (stored 0%)
  adding: opt/webstack/html/.git/objects/d6/66bd4748cd74e61c9e2290c68c4b07d92fda9b (stored 0%)
  adding: opt/webstack/html/.git/objects/42/ (stored 0%)
  adding: opt/webstack/html/.git/objects/42/ac8d56dbfbf2de4809a6404f27766f3bc09c97 (stored 0%)
  adding: opt/webstack/html/.git/objects/c3/ (stored 0%)
  adding: opt/webstack/html/.git/objects/c3/2ef9534f36ce9867164154f02b9e1e53798218 (stored 0%)
  adding: opt/webstack/html/.git/objects/df/ (stored 0%)
  adding: opt/webstack/html/.git/objects/df/0ad4bb4a6acf84467b6be21118c72ae8d61ae6 (stored 0%)
  adding: opt/webstack/html/.git/objects/ff/ (stored 0%)
  adding: opt/webstack/html/.git/objects/ff/9042b09fdac8335c59efaae17f51ab9d928ef9 (stored 0%)
  adding: opt/webstack/html/.git/objects/aa/ (stored 0%)
  adding: opt/webstack/html/.git/objects/aa/7009a05caea6bcd88ce9b269d3fb0ce1db0e6b (stored 0%)
  adding: opt/webstack/html/.git/objects/0c/ (stored 0%)
  adding: opt/webstack/html/.git/objects/0c/24678e334732e41a7ca374699a48b632de135b (stored 0%)
  adding: opt/webstack/html/.git/objects/e8/ (stored 0%)
  adding: opt/webstack/html/.git/objects/e8/eb29b33c17fc44e251a8e2efb818c38584f943 (stored 0%)
  adding: opt/webstack/html/.git/objects/f5/ (stored 0%)
  adding: opt/webstack/html/.git/objects/f5/1a70b555b95c7a6c454c0909c13efeedc493c1 (stored 0%)
  adding: opt/webstack/html/.git/objects/fc/ (stored 0%)
  adding: opt/webstack/html/.git/objects/fc/429ab943437bee2bd2d54fe73d76622b3528cf (stored 0%)
  adding: opt/webstack/html/.git/objects/7f/ (stored 0%)
  adding: opt/webstack/html/.git/objects/7f/9d94fb3e3b86eab2adede63e29e564477c50eb (stored 0%)
  adding: opt/webstack/html/.git/objects/fe/ (stored 0%)
  adding: opt/webstack/html/.git/objects/fe/1278bb48a5fb9bad2476922dbc7121f50b6da0 (stored 0%)
  adding: opt/webstack/html/.git/objects/dd/ (stored 0%)
  adding: opt/webstack/html/.git/objects/dd/afc37b84909cfa261a5b5deecef8be553d1275 (stored 0%)
  adding: opt/webstack/html/.git/objects/pack/ (stored 0%)
  adding: opt/webstack/html/.git/objects/e1/ (stored 0%)
  adding: opt/webstack/html/.git/objects/e1/b41b2d5138842e84a16ad7de593217aa36e8f3 (stored 0%)
  adding: opt/webstack/html/.git/objects/info/ (stored 0%)
  adding: opt/webstack/html/.git/objects/f0/ (stored 0%)
  adding: opt/webstack/html/.git/objects/f0/1e4be78b35e1089a8d813a18b49c388c4ab631 (stored 0%)
  adding: opt/webstack/html/.git/index (deflated 20%)
  adding: opt/webstack/html/.git/description (deflated 14%)
  adding: opt/webstack/html/.git/HEAD (stored 0%)
  adding: opt/webstack/html/.git/logs/ (stored 0%)
  adding: opt/webstack/html/.git/logs/HEAD (deflated 83%)
  adding: opt/webstack/html/.git/logs/refs/ (stored 0%)
  adding: opt/webstack/html/.git/logs/refs/heads/ (stored 0%)
  adding: opt/webstack/html/.git/logs/refs/heads/master (deflated 59%)
  adding: opt/webstack/html/.git/logs/refs/remotes/ (stored 0%)
  adding: opt/webstack/html/.git/logs/refs/remotes/origin/ (stored 0%)
  adding: opt/webstack/html/.git/logs/refs/remotes/origin/master (deflated 71%)
  adding: opt/webstack/html/.git/refs/ (stored 0%)
  adding: opt/webstack/html/.git/refs/heads/ (stored 0%)
  adding: opt/webstack/html/.git/refs/heads/master (stored 0%)
  adding: opt/webstack/html/.git/refs/tags/ (stored 0%)
  adding: opt/webstack/html/.git/refs/remotes/ (stored 0%)
  adding: opt/webstack/html/.git/refs/remotes/origin/ (stored 0%)
  adding: opt/webstack/html/.git/refs/remotes/origin/master (stored 0%)
  adding: opt/webstack/html/.git/config (deflated 33%)
  adding: opt/webstack/html/.git/COMMIT_EDITMSG (stored 0%)
  adding: opt/webstack/html/.git/FETCH_HEAD (deflated 6%)
  adding: opt/webstack/html/.git/ORIG_HEAD (stored 0%)
  adding: opt/webstack/html/.git/info/ (stored 0%)
  adding: opt/webstack/html/.git/info/exclude (deflated 28%)
  adding: opt/webstack/html/enterprise.php (deflated 43%)
  adding: opt/webstack/VERSION (stored 0%)
{"status":1,"request":"07ccda06-7f2d-475f-a3fa-be87cd02f988"}[Sun May 18 12:38:03 AM UTC 2025] ✅ Deployed: v1.1.0-release
From github.com:jasonhollis/webstack
 * branch            master     -> FETCH_HEAD
Already up to date.
  adding: opt/webstack/html/ (stored 0%)
  adding: opt/webstack/html/about.php (deflated 45%)
  adding: opt/webstack/html/nav.php (deflated 59%)
  adding: opt/webstack/html/smallbiz.php (deflated 44%)
  adding: opt/webstack/html/contact.php (deflated 47%)
  adding: opt/webstack/html/VERSION (stored 0%)
  adding: opt/webstack/html/test.php (stored 0%)
  adding: opt/webstack/html/footer.php (deflated 10%)
  adding: opt/webstack/html/.gitignore (deflated 26%)
  adding: opt/webstack/html/phpinfo.php (stored 0%)
  adding: opt/webstack/html/automation.php (deflated 44%)
  adding: opt/webstack/html/index.php (deflated 60%)
  adding: opt/webstack/html/.git/ (stored 0%)
  adding: opt/webstack/html/.git/hooks/ (stored 0%)
  adding: opt/webstack/html/.git/hooks/applypatch-msg.sample (deflated 42%)
  adding: opt/webstack/html/.git/hooks/push-to-checkout.sample (deflated 55%)
  adding: opt/webstack/html/.git/hooks/pre-rebase.sample (deflated 59%)
  adding: opt/webstack/html/.git/hooks/pre-applypatch.sample (deflated 38%)
  adding: opt/webstack/html/.git/hooks/post-update.sample (deflated 27%)
  adding: opt/webstack/html/.git/hooks/pre-merge-commit.sample (deflated 39%)
  adding: opt/webstack/html/.git/hooks/pre-commit.sample (deflated 45%)
  adding: opt/webstack/html/.git/hooks/pre-push.sample (deflated 49%)
  adding: opt/webstack/html/.git/hooks/pre-receive.sample (deflated 40%)
  adding: opt/webstack/html/.git/hooks/prepare-commit-msg.sample (deflated 50%)
  adding: opt/webstack/html/.git/hooks/commit-msg.sample (deflated 44%)
  adding: opt/webstack/html/.git/hooks/fsmonitor-watchman.sample (deflated 62%)
  adding: opt/webstack/html/.git/hooks/update.sample (deflated 68%)
  adding: opt/webstack/html/.git/branches/ (stored 0%)
  adding: opt/webstack/html/.git/objects/ (stored 0%)
  adding: opt/webstack/html/.git/objects/12/ (stored 0%)
  adding: opt/webstack/html/.git/objects/12/8aecdd08b19078faaf0fc520b95bcc2dce4336 (stored 0%)
  adding: opt/webstack/html/.git/objects/82/ (stored 0%)
  adding: opt/webstack/html/.git/objects/82/efba5bb2f7ee3e56d690c21122ffff5d9a1d63 (stored 0%)
  adding: opt/webstack/html/.git/objects/ab/ (stored 0%)
  adding: opt/webstack/html/.git/objects/ab/69e0901b745bb5b206690e44edaf045043f1e7 (stored 0%)
  adding: opt/webstack/html/.git/objects/31/ (stored 0%)
  adding: opt/webstack/html/.git/objects/31/b002ba092b48dbb754a340986f450be2bd94e4 (stored 0%)
  adding: opt/webstack/html/.git/objects/6d/ (stored 0%)
  adding: opt/webstack/html/.git/objects/6d/60e032bc04235d782e5993a4993b9ad0a8b4bc (stored 0%)
  adding: opt/webstack/html/.git/objects/88/ (stored 0%)
  adding: opt/webstack/html/.git/objects/88/69ce2d361ba8d1287b05c7bcfa438be8c3a3d8 (stored 0%)
  adding: opt/webstack/html/.git/objects/d6/ (stored 0%)
  adding: opt/webstack/html/.git/objects/d6/66bd4748cd74e61c9e2290c68c4b07d92fda9b (stored 0%)
  adding: opt/webstack/html/.git/objects/42/ (stored 0%)
  adding: opt/webstack/html/.git/objects/42/ac8d56dbfbf2de4809a6404f27766f3bc09c97 (stored 0%)
  adding: opt/webstack/html/.git/objects/c3/ (stored 0%)
  adding: opt/webstack/html/.git/objects/c3/2ef9534f36ce9867164154f02b9e1e53798218 (stored 0%)
  adding: opt/webstack/html/.git/objects/35/ (stored 0%)
  adding: opt/webstack/html/.git/objects/35/e3464ed11411064a65a936bf401c5abd68fd14 (stored 0%)
  adding: opt/webstack/html/.git/objects/df/ (stored 0%)
  adding: opt/webstack/html/.git/objects/df/0ad4bb4a6acf84467b6be21118c72ae8d61ae6 (stored 0%)
  adding: opt/webstack/html/.git/objects/ff/ (stored 0%)
  adding: opt/webstack/html/.git/objects/ff/9042b09fdac8335c59efaae17f51ab9d928ef9 (stored 0%)
  adding: opt/webstack/html/.git/objects/aa/ (stored 0%)
  adding: opt/webstack/html/.git/objects/aa/7009a05caea6bcd88ce9b269d3fb0ce1db0e6b (stored 0%)
  adding: opt/webstack/html/.git/objects/0c/ (stored 0%)
  adding: opt/webstack/html/.git/objects/0c/24678e334732e41a7ca374699a48b632de135b (stored 0%)
  adding: opt/webstack/html/.git/objects/e8/ (stored 0%)
  adding: opt/webstack/html/.git/objects/e8/eb29b33c17fc44e251a8e2efb818c38584f943 (stored 0%)
  adding: opt/webstack/html/.git/objects/f5/ (stored 0%)
  adding: opt/webstack/html/.git/objects/f5/1a70b555b95c7a6c454c0909c13efeedc493c1 (stored 0%)
  adding: opt/webstack/html/.git/objects/fc/ (stored 0%)
  adding: opt/webstack/html/.git/objects/fc/429ab943437bee2bd2d54fe73d76622b3528cf (stored 0%)
  adding: opt/webstack/html/.git/objects/7f/ (stored 0%)
  adding: opt/webstack/html/.git/objects/7f/9d94fb3e3b86eab2adede63e29e564477c50eb (stored 0%)
  adding: opt/webstack/html/.git/objects/fe/ (stored 0%)
  adding: opt/webstack/html/.git/objects/fe/1278bb48a5fb9bad2476922dbc7121f50b6da0 (stored 0%)
  adding: opt/webstack/html/.git/objects/dd/ (stored 0%)
  adding: opt/webstack/html/.git/objects/dd/afc37b84909cfa261a5b5deecef8be553d1275 (stored 0%)
  adding: opt/webstack/html/.git/objects/pack/ (stored 0%)
  adding: opt/webstack/html/.git/objects/e1/ (stored 0%)
  adding: opt/webstack/html/.git/objects/e1/b41b2d5138842e84a16ad7de593217aa36e8f3 (stored 0%)
  adding: opt/webstack/html/.git/objects/info/ (stored 0%)
  adding: opt/webstack/html/.git/objects/f0/ (stored 0%)
  adding: opt/webstack/html/.git/objects/f0/1e4be78b35e1089a8d813a18b49c388c4ab631 (stored 0%)
  adding: opt/webstack/html/.git/objects/ac/ (stored 0%)
  adding: opt/webstack/html/.git/objects/ac/471e2bc49c9bf5980a9c09b495971444ae90d4 (stored 0%)
  adding: opt/webstack/html/.git/index (deflated 19%)
  adding: opt/webstack/html/.git/description (deflated 14%)
  adding: opt/webstack/html/.git/HEAD (stored 0%)
  adding: opt/webstack/html/.git/logs/ (stored 0%)
  adding: opt/webstack/html/.git/logs/HEAD (deflated 83%)
  adding: opt/webstack/html/.git/logs/refs/ (stored 0%)
  adding: opt/webstack/html/.git/logs/refs/heads/ (stored 0%)
  adding: opt/webstack/html/.git/logs/refs/heads/master (deflated 60%)
  adding: opt/webstack/html/.git/logs/refs/remotes/ (stored 0%)
  adding: opt/webstack/html/.git/logs/refs/remotes/origin/ (stored 0%)
  adding: opt/webstack/html/.git/logs/refs/remotes/origin/master (deflated 72%)
  adding: opt/webstack/html/.git/refs/ (stored 0%)
  adding: opt/webstack/html/.git/refs/heads/ (stored 0%)
  adding: opt/webstack/html/.git/refs/heads/master (stored 0%)
  adding: opt/webstack/html/.git/refs/tags/ (stored 0%)
  adding: opt/webstack/html/.git/refs/remotes/ (stored 0%)
  adding: opt/webstack/html/.git/refs/remotes/origin/ (stored 0%)
  adding: opt/webstack/html/.git/refs/remotes/origin/master (stored 0%)
  adding: opt/webstack/html/.git/config (deflated 33%)
  adding: opt/webstack/html/.git/COMMIT_EDITMSG (stored 0%)
  adding: opt/webstack/html/.git/FETCH_HEAD (deflated 8%)
  adding: opt/webstack/html/.git/ORIG_HEAD (stored 0%)
  adding: opt/webstack/html/.git/info/ (stored 0%)
  adding: opt/webstack/html/.git/info/exclude (deflated 28%)
  adding: opt/webstack/html/enterprise.php (deflated 43%)
  adding: opt/webstack/VERSION (stored 0%)
{"status":1,"request":"2bdf9301-3ef5-4d33-b55f-d86b34416832"}[Sun May 18 12:46:14 AM UTC 2025] ✅ Deployed: v1.1.0-release
[2025-05-18-005700] 🔼 Deployed v1.1.2-dev
[2025-05-18-110913] 🔼 Deployed v1.1.3-dev
[2025-05-18-112740] 🔼 Deployed v1.2.0-release
[Mon May 19 10:25:15 AM AEST 2025] 📦 Snapshot created: webstack-v1.2.99-rescue-2025-05-19-102512.zip
[Mon May 19 10:59:55 AM AEST 2025] 📦 Snapshot created: webstack-v1.3.0-release-2025-05-19-105953.zip
[Mon May 19 03:06:09 PM AEST 2025] 📦 Snapshot created: webstack-v1.3.2-release-2025-05-19-150603.zip
