[2025-06-03T12:11:00+10:00] [Home Automation Services]
Your name: Jason
Company/Org (optional): KTP
Suburb, State, Postcode: Box Hill
Phone: 0400819487
Email: jason@jasonhollis.com
Which systems would you like automated? (multi-select): Curtains/Blinds, Lighting
What type of work needs doing?: Existing System
Is this for residential or commercial use?: Residential
How many bedrooms are there in the property?: 5
How many other rooms are there in the property?: 5
What budget do you have in mind for this service?: 10K
Additional details: Some additional details...
----------------------------------------
[2025-06-03T12:22:03+10:00] [Home Automation Services]
Your name: Jason
Company/Org (optional): Ktp
Suburb, State, Postcode: box hill
Phone: 0400819487
Email: jason@jasonhollis.com
Which systems would you like automated? (multi-select): Curtains/Blinds
What type of work needs doing?: Complete New System
How many bedrooms are there in the property?: 5
How many other rooms are there in the property?: 5
What budget do you have in mind for this service?: 10,000
Additional details: additional details
----------------------------------------
[2025-06-03T12:26:18+10:00] [Home Automation Services]
Your name: Testicle
Company/Org (optional): KTP
Suburb, State, Postcode: BOX
Phone: 0400819487
Email: jason@jasonhollis.com
Which systems would you like automated? (multi-select): Curtains/Blinds
What type of work needs doing?: Complete New System
How many bedrooms are there in the property?: 5
How many other rooms are there in the property?: 5
What budget do you have in mind for this service?: 10k
Additional details: Additional Details
----------------------------------------
[2025-06-03T12:54:31+10:00] [Home Automation Services]
Your name: Test
Company/Org (optional): Test
Suburb, State, Postcode: Box Hill S
Phone: some number
Email: jason@jasonhollis.com
Which systems would you like automated? (multi-select): Curtains/Blinds
What type of work needs doing?: New Build
How many bedrooms are there in the property?: 5
How many other rooms are there in the property?: 5
What budget do you have in mind for this service?: 10K
Additional details: some additional details
----------------------------------------
[2025-06-04T08:44:41+10:00] [Home Automation Services]
Your name: Jason
Company/Org (optional): KTP
Suburb, State, Postcode: Box Hill
Phone: 0400819487
Email: jason@jasonhollis.com
Which systems would you like automated? (multi-select): Curtains/Blinds, Garage Doors, Heating/AC, Lighting, Security/CCTV, Irrigation, Home Cinema/Sound Systems
What type of work needs doing?: Existing System
How many bedrooms are there in the property?: 5
How many other rooms are there in the property?: 5
What budget do you have in mind for this service?: This needs to somehow be constrained or a drop down with $1000-$2000 etc
Additional details: We should give examples to be written over like:  Types of existing equipment, specific integration needs, or something not covered in the form
----------------------------------------
[2025-06-04T09:33:57+10:00] [Home Automation Lead]
Your name: Jason Hollis
Company/Org (optional): KTP
Suburb, State, Postcode: Box Hill South
Phone: 0400819487
Email: jason@jasonhollis.com
Project type: Updates and Changes to an Existing Automation Environment
Integrations required: Irrigation, Solar/Energy Management
Type of property: Standalone House
Number of bedrooms: 3
Number of other rooms: 3
Budget: $5,000–$10,000
Additional details: Other stuff that is required
----------------------------------------
[2025-06-04T09:41:48+10:00] [Home Automation Lead]
Your name: JFH
Company/Org (optional): 
Suburb, State, Postcode: Box Hill South
Phone: 0400819487
Email: jason@jasonhollis.com
Project type: Complete New System for an Existing Home
Integrations required: Security/CCTV, Appliance Controls
Type of property: Standalone House
Number of bedrooms: 5
Number of other rooms: 2
Budget: $5,000–$10,000
Additional details: other stuff
----------------------------------------
[2025-06-04T10:04:20+10:00] [Home Automation Lead]
Customer Name: Jason Hollis
Suburb: Box Hill South
Postcode: 3128
State: VIC
Phone: 0400819487
Email: jason@ktp.digital
Project type: Complete New System for an Existing Home
Integrations required: Lighting, Security/CCTV, Pool Equipment
Type of property: Townhouse
Number of bedrooms: 3
Number of other rooms: 5
Budget: $5,000-$10,000
----------------------------------------
